Arguments: 
  /Users/hanyoungjeong/.nvm/versions/node/v10.15.3/bin/node /usr/local/Cellar/yarn/1.5.1_1/libexec/bin/yarn.js workspace my-sub-module add typescript -D

PATH: 
  /Library/Frameworks/Python.framework/Versions/3.7/bin:/Users/hanyoungjeong/.nvm/versions/node/v10.15.3/bin:/Library/Java/JavaVirtualMachines/jdk1.8.0_191.jdk/Contents/Home/bin:/Users/hanyoungjeong/Library/Android/sdk/tools:/Users/hanyoungjeong/Library/Android/sdk/platform-tools:/Users/hanyoungjeong/Library/Android/sdk/build-tools/23.0.1:/usr/local/go/bin:/usr/local/bin:/usr/bin:/bin:/usr/sbin:/sbin:/usr/local/go/bin:/Library/Frameworks/Python.framework/Versions/3.7/bin:/Users/hanyoungjeong/.nvm/versions/node/v10.15.3/bin:/Library/Java/JavaVirtualMachines/jdk1.8.0_191.jdk/Contents/Home/bin:/Users/hanyoungjeong/Library/Android/sdk/tools:/Users/hanyoungjeong/Library/Android/sdk/platform-tools:/Users/hanyoungjeong/Library/Android/sdk/build-tools/23.0.1

Yarn version: 
  1.5.1

Node version: 
  10.15.3

Platform: 
  darwin x64

npm manifest: 
  {
    "name": "workspace_yarn",
    "version": "1.0.0",
    "main": "index.js",
    "license": "MIT",
    "private": true,
    "workspaces": {
      "packages": [
        "packages/*"
      ]
    }
  }

yarn manifest: 
  No manifest

Lockfile: 
  No lockfile

Trace: 
  Error: Unknown workspace "my-sub-module".
      at new MessageError (/usr/local/Cellar/yarn/1.5.1_1/libexec/lib/cli.js:186:110)
      at Object.<anonymous> (/usr/local/Cellar/yarn/1.5.1_1/libexec/lib/cli.js:88425:13)
      at Generator.next (<anonymous>)
      at step (/usr/local/Cellar/yarn/1.5.1_1/libexec/lib/cli.js:98:30)
      at /usr/local/Cellar/yarn/1.5.1_1/libexec/lib/cli.js:109:13
